{"logTime": "1201/005537", "correlationVector":"JVINV7FjnAwD5Vln9yzhud.1","action":"SyncServerConnectionManagerRequest", "result":"SYNC_SERVER_OK", "context":{"environment":"Prod_centralus_prod-s01-068-nam-centralus", "migrationStage":"NotStarted", "server":"akswtt108000006"}}
{"logTime": "1201/005537", "correlationVector":"JVINV7FjnAwD5Vln9yzhud.2","action":"ProcessGetUpdates", "result":"Done", "context":{"dataType":"Encryption Keys", "deleted":"0", "process_failed_to_decrypt":"0", "process_pending_decryption":"0", "process_success":"1", "total":"1"}}
{"logTime": "1201/005537", "correlationVector":"r980QP6bKrUuSkYApv5udf","action":"SyncServerConnectionManagerRequest", "result":"SYNC_SERVER_OK", "context":{"environment":"", "migrationStage":"", "server":""}}
{"logTime": "1201/005537", "correlationVector":"r980QP6bKrUuSkYApv5udf.0","action":"EncryptionKeysFetcher.DownloadKeys:", "result":"Success", "context":Key count: 6, Last key timestamp: 2025-11-09T20:09:59Z}
{"logTime": "1201/005537", "correlationVector":"r980QP6bKrUuSkYApv5udf.1","action":"EncryptionKeysManager::SetEncryptionKeys:", "result":"Success", "context":Key names[6]:[c3DX/oiiYGdbqmUOS4rHlPJxrCQWXBYU/Q/cAyswTdluQ3Todhzo9niENILi78c9QaLb4xDnLHX6x4Jnw+wF7A==][n6K8EoKG+kBxT5ICZxB2LCb/RTrNQ1PPxLpyxPZnMYmbHrJOHGKw9QLZUUBzdGyEKHR/S8Z0lZghkmG2vFyscw==][mmq2+o8//2EXDiDtNDhX3iGc8hIZ1e+uGvvQy8A8oQp3FcU+SIOFMpGkfqqyrpLy4GMRw/7JuPXDbqUtkRNp6Q==][D7ddgKOAUhGbk04ghL6ytOGh6XKrcION3xtcXuF1S7/N5IA63bCy/2GzGtChqosqAGxIhwL1BNu04E0coOWemw==][pmkGMupwU+6vkmYb8RFTFiI7oF7H8BOBCRT/v8kYYjU9jXau2yc4q590cFe5E295zpDVx0E3+7xJgdIk4GWt5A==][j9XzRE9JZI5Q+Uqa0Ulcn4C06icbJUI9MgqYnxQF6laxzTkio6pnjbThM7TbxIV2+FARGtpFKEZ3CALEgm7qiA==]}
{"logTime": "1201/005537", "correlationVector":"r980QP6bKrUuSkYApv5udf.2","action":"EncryptionKeysManager::SetEncryptionKeysWithTimestamps:", "result":"Success", "context":Key timestamps[6]:[2023-05-19T01:05:16Z][2023-11-15T20:27:39Z][2024-05-16T14:40:25Z][2024-11-14T01:25:48Z][2025-05-13T04:49:12Z][2025-11-09T20:09:59Z]}
{"logTime": "1201/005537", "correlationVector":"JVINV7FjnAwD5Vln9yzhud","action":"Initial GetUpdates", "result":"", "context":Reason: NEW_CLIENT. cV=JVINV7FjnAwD5Vln9yzhud}
{"logTime": "1201/005537", "correlationVector":"JVINV7FjnAwD5Vln9yzhud.3","action":"GetUpdates Response", "result":"Success", "context":Received 1 update(s). cV=JVINV7FjnAwD5Vln9yzhud.0;server=akswtt108000006;cloudType=Consumer;environment=Prod_centralus_prod-s01-068-nam-centralus;migrationStage=NotStarted}
{"logTime": "1201/005537", "correlationVector":"ROUdUFRZQ1hX5grJgELTcO","action":"Initial GetUpdates", "result":"", "context":Reason: NEWLY_SUPPORTED_DATATYPE. cV=ROUdUFRZQ1hX5grJgELTcO}
{"logTime": "1201/005537", "correlationVector":"ROUdUFRZQ1hX5grJgELTcO.1","action":"SyncServerConnectionManagerRequest", "result":"SYNC_SERVER_OK", "context":{"environment":"Prod_centralus_prod-s01-068-nam-centralus", "migrationStage":"NotStarted", "server":"akswtt10800001o"}}
{"logTime": "1201/005537", "correlationVector":"ROUdUFRZQ1hX5grJgELTcO.2","action":"ProcessGetUpdates", "result":"Done", "context":{"dataType":"Passwords", "deleted":"16", "process_failed_to_decrypt":"0", "process_pending_decryption":"0", "process_success":"111", "total":"111"}}
{"logTime": "1201/005538", "correlationVector":"ROUdUFRZQ1hX5grJgELTcO.3","action":"GetUpdates Response", "result":"Success", "context":Received 111 update(s). cV=ROUdUFRZQ1hX5grJgELTcO.0;server=akswtt10800001o;cloudType=Consumer;environment=Prod_centralus_prod-s01-068-nam-centralus;migrationStage=NotStarted}
{"logTime": "1201/005538", "correlationVector":"GCcLmXj7F6igBoOjp0hpGl","action":"Initial GetUpdates", "result":"", "context":Reason: NEWLY_SUPPORTED_DATATYPE. cV=GCcLmXj7F6igBoOjp0hpGl}
{"logTime": "1201/005538", "correlationVector":"GCcLmXj7F6igBoOjp0hpGl.1","action":"SyncServerConnectionManagerRequest", "result":"SYNC_SERVER_OK", "context":{"environment":"Prod_centralus_prod-s01-068-nam-centralus", "migrationStage":"NotStarted", "server":"akswtt108000008"}}
{"logTime": "1201/005538", "correlationVector":"GCcLmXj7F6igBoOjp0hpGl.2","action":"ProcessGetUpdates", "result":"Done", "context":{"dataType":"Bookmarks", "deleted":"1", "process_failed_to_decrypt":"0", "process_pending_decryption":"0", "process_success":"22", "total":"22"}}
{"logTime": "1201/005538", "correlationVector":"GCcLmXj7F6igBoOjp0hpGl.3","action":"GetUpdates Response", "result":"Success", "context":Received 22 update(s). cV=GCcLmXj7F6igBoOjp0hpGl.0;server=akswtt108000008;cloudType=Consumer;environment=Prod_centralus_prod-s01-068-nam-centralus;migrationStage=NotStarted}
{"logTime": "1201/005538", "correlationVector":"2sEe2+9GKzjxNL0C3llVWR","action":"Initial GetUpdates", "result":"", "context":Reason: NEWLY_SUPPORTED_DATATYPE. cV=2sEe2+9GKzjxNL0C3llVWR}
{"logTime": "1201/005539", "correlationVector":"2sEe2+9GKzjxNL0C3llVWR.1","action":"SyncServerConnectionManagerRequest", "result":"SYNC_SERVER_OK", "context":{"environment":"Prod_centralus_prod-s01-068-nam-centralus", "migrationStage":"NotStarted", "server":"akswtt10800001k"}}
{"logTime": "1201/005539", "correlationVector":"2sEe2+9GKzjxNL0C3llVWR.2","action":"ProcessGetUpdates", "result":"Done", "context":{"dataType":"Autofill Profiles", "deleted":"27", "process_failed_to_decrypt":"0", "process_pending_decryption":"0", "process_success":"73", "total":"73"}}
{"logTime": "1201/005539", "correlationVector":"2sEe2+9GKzjxNL0C3llVWR.3","action":"ProcessGetUpdates", "result":"Done", "context":{"dataType":"Autofill", "deleted":"0", "process_failed_to_decrypt":"0", "process_pending_decryption":"0", "process_success":"177", "total":"177"}}
{"logTime": "1201/005539", "correlationVector":"2sEe2+9GKzjxNL0C3llVWR.4","action":"GetUpdates Response", "result":"Success", "context":Received 250 update(s). cV=2sEe2+9GKzjxNL0C3llVWR.0;server=akswtt10800001k;cloudType=Consumer;environment=Prod_centralus_prod-s01-068-nam-centralus;migrationStage=NotStarted Some updates remain.}
{"logTime": "1201/005539", "correlationVector":"mSnTVuRxJBD6bBugHvmAoA","action":"Initial GetUpdates", "result":"", "context":Reason: NEWLY_SUPPORTED_DATATYPE. cV=mSnTVuRxJBD6bBugHvmAoA}
{"logTime": "1201/005539", "correlationVector":"mSnTVuRxJBD6bBugHvmAoA.1","action":"SyncServerConnectionManagerRequest", "result":"SYNC_SERVER_OK", "context":{"environment":"Prod_centralus_prod-s01-068-nam-centralus", "migrationStage":"NotStarted", "server":"akswtt10800000r"}}
{"logTime": "1201/005539", "correlationVector":"mSnTVuRxJBD6bBugHvmAoA.2","action":"ProcessGetUpdates", "result":"Done", "context":{"dataType":"Autofill", "deleted":"0", "process_failed_to_decrypt":"0", "process_pending_decryption":"0", "process_success":"250", "total":"250"}}
{"logTime": "1201/005539", "correlationVector":"mSnTVuRxJBD6bBugHvmAoA.3","action":"GetUpdates Response", "result":"Success", "context":Received 250 update(s). cV=mSnTVuRxJBD6bBugHvmAoA.0;server=akswtt10800000r;cloudType=Consumer;environment=Prod_centralus_prod-s01-068-nam-centralus;migrationStage=NotStarted Some updates remain.}
{"logTime": "1201/005539", "correlationVector":"tmiemjLNqQnKGatFdmAEtk","action":"Initial GetUpdates", "result":"", "context":Reason: NEWLY_SUPPORTED_DATATYPE. cV=tmiemjLNqQnKGatFdmAEtk}
{"logTime": "1201/005540", "correlationVector":"tmiemjLNqQnKGatFdmAEtk.1","action":"SyncServerConnectionManagerRequest", "result":"SYNC_SERVER_OK", "context":{"environment":"Prod_centralus_prod-s01-068-nam-centralus", "migrationStage":"NotStarted", "server":"akswtt108000015"}}
{"logTime": "1201/005540", "correlationVector":"tmiemjLNqQnKGatFdmAEtk.2","action":"ProcessGetUpdates", "result":"Done", "context":{"dataType":"Autofill", "deleted":"0", "process_failed_to_decrypt":"0", "process_pending_decryption":"0", "process_success":"250", "total":"250"}}
{"logTime": "1201/005540", "correlationVector":"tmiemjLNqQnKGatFdmAEtk.3","action":"GetUpdates Response", "result":"Success", "context":Received 250 update(s). cV=tmiemjLNqQnKGatFdmAEtk.0;server=akswtt108000015;cloudType=Consumer;environment=Prod_centralus_prod-s01-068-nam-centralus;migrationStage=NotStarted Some updates remain.}
{"logTime": "1201/005540", "correlationVector":"IWtxkF+UC0AEGnmj6TG7D4","action":"Initial GetUpdates", "result":"", "context":Reason: NEWLY_SUPPORTED_DATATYPE. cV=IWtxkF+UC0AEGnmj6TG7D4}
{"logTime": "1201/005541", "correlationVector":"IWtxkF+UC0AEGnmj6TG7D4.1","action":"SyncServerConnectionManagerRequest", "result":"SYNC_SERVER_OK", "context":{"environment":"Prod_centralus_prod-s01-068-nam-centralus", "migrationStage":"NotStarted", "server":"akswtt10800000q"}}
{"logTime": "1201/005541", "correlationVector":"IWtxkF+UC0AEGnmj6TG7D4.2","action":"ProcessGetUpdates", "result":"Done", "context":{"dataType":"Autofill", "deleted":"0", "process_failed_to_decrypt":"0", "process_pending_decryption":"0", "process_success":"250", "total":"250"}}
{"logTime": "1201/005541", "correlationVector":"IWtxkF+UC0AEGnmj6TG7D4.3","action":"GetUpdates Response", "result":"Success", "context":Received 250 update(s). cV=IWtxkF+UC0AEGnmj6TG7D4.0;server=akswtt10800000q;cloudType=Consumer;environment=Prod_centralus_prod-s01-068-nam-centralus;migrationStage=NotStarted Some updates remain.}
{"logTime": "1201/005541", "correlationVector":"BcmOIbRjuOFA++8p0Mq2Ee","action":"Initial GetUpdates", "result":"", "context":Reason: NEWLY_SUPPORTED_DATATYPE. cV=BcmOIbRjuOFA++8p0Mq2Ee}
{"logTime": "1201/005541", "correlationVector":"BcmOIbRjuOFA++8p0Mq2Ee.1","action":"SyncServerConnectionManagerRequest", "result":"SYNC_SERVER_OK", "context":{"environment":"Prod_centralus_prod-s01-068-nam-centralus", "migrationStage":"NotStarted", "server":"akswtt108000015"}}
{"logTime": "1201/005541", "correlationVector":"BcmOIbRjuOFA++8p0Mq2Ee.2","action":"ProcessGetUpdates", "result":"Done", "context":{"dataType":"Autofill", "deleted":"0", "process_failed_to_decrypt":"0", "process_pending_decryption":"0", "process_success":"250", "total":"250"}}
{"logTime": "1201/005541", "correlationVector":"BcmOIbRjuOFA++8p0Mq2Ee.3","action":"GetUpdates Response", "result":"Success", "context":Received 250 update(s). cV=BcmOIbRjuOFA++8p0Mq2Ee.0;server=akswtt108000015;cloudType=Consumer;environment=Prod_centralus_prod-s01-068-nam-centralus;migrationStage=NotStarted Some updates remain.}
{"logTime": "1201/005541", "correlationVector":"TTwPsglJ006qds8gGRGjNL","action":"Initial GetUpdates", "result":"", "context":Reason: NEWLY_SUPPORTED_DATATYPE. cV=TTwPsglJ006qds8gGRGjNL}
{"logTime": "1201/005541", "correlationVector":"TTwPsglJ006qds8gGRGjNL.1","action":"SyncServerConnectionManagerRequest", "result":"SYNC_SERVER_OK", "context":{"environment":"Prod_centralus_prod-s01-068-nam-centralus", "migrationStage":"NotStarted", "server":"akswtt10800001o"}}
{"logTime": "1201/005541", "correlationVector":"TTwPsglJ006qds8gGRGjNL.2","action":"ProcessGetUpdates", "result":"Done", "context":{"dataType":"Autofill Profiles", "deleted":"5", "process_failed_to_decrypt":"0", "process_pending_decryption":"0", "process_success":"7", "total":"7"}}
{"logTime": "1201/005541", "correlationVector":"TTwPsglJ006qds8gGRGjNL.3","action":"ProcessGetUpdates", "result":"Done", "context":{"dataType":"Autofill", "deleted":"0", "process_failed_to_decrypt":"0", "process_pending_decryption":"0", "process_success":"179", "total":"179"}}
{"logTime": "1201/005541", "correlationVector":"TTwPsglJ006qds8gGRGjNL.4","action":"GetUpdates Response", "result":"Success", "context":Received 186 update(s). cV=TTwPsglJ006qds8gGRGjNL.0;server=akswtt10800001o;cloudType=Consumer;environment=Prod_centralus_prod-s01-068-nam-centralus;migrationStage=NotStarted}
{"logTime": "1201/005541", "correlationVector":"IslcexIbSIYfH4JeZw+Jpk","action":"Initial GetUpdates", "result":"", "context":Reason: NEWLY_SUPPORTED_DATATYPE. cV=IslcexIbSIYfH4JeZw+Jpk}
{"logTime": "1201/005542", "correlationVector":"IslcexIbSIYfH4JeZw+Jpk.1","action":"SyncServerConnectionManagerRequest", "result":"SYNC_SERVER_OK", "context":{"environment":"Prod_centralus_prod-s01-068-nam-centralus", "migrationStage":"NotStarted", "server":"akswtt108000008"}}
{"logTime": "1201/005542", "correlationVector":"IslcexIbSIYfH4JeZw+Jpk.2","action":"ProcessGetUpdates", "result":"Done", "context":{"dataType":"History", "deleted":"0", "process_failed_to_decrypt":"0", "process_pending_decryption":"0", "process_success":"250", "total":"250"}}
{"logTime": "1201/005542", "correlationVector":"IslcexIbSIYfH4JeZw+Jpk.3","action":"GetUpdates Response", "result":"Success", "context":Received 250 update(s). cV=IslcexIbSIYfH4JeZw+Jpk.0;server=akswtt108000008;cloudType=Consumer;environment=Prod_centralus_prod-s01-068-nam-centralus;migrationStage=NotStarted Some updates remain.}
{"logTime": "1201/005542", "correlationVector":"EfiObu/fSMgegAZtlh5XI3","action":"Initial GetUpdates", "result":"", "context":Reason: NEWLY_SUPPORTED_DATATYPE. cV=EfiObu/fSMgegAZtlh5XI3}
{"logTime": "1201/005542", "correlationVector":"EfiObu/fSMgegAZtlh5XI3.1","action":"SyncServerConnectionManagerRequest", "result":"SYNC_SERVER_OK", "context":{"environment":"Prod_centralus_prod-s01-068-nam-centralus", "migrationStage":"NotStarted", "server":"akswtt108000008"}}
{"logTime": "1201/005542", "correlationVector":"EfiObu/fSMgegAZtlh5XI3.2","action":"ProcessGetUpdates", "result":"Done", "context":{"dataType":"History", "deleted":"0", "process_failed_to_decrypt":"0", "process_pending_decryption":"0", "process_success":"250", "total":"250"}}
{"logTime": "1201/005542", "correlationVector":"EfiObu/fSMgegAZtlh5XI3.3","action":"GetUpdates Response", "result":"Success", "context":Received 250 update(s). cV=EfiObu/fSMgegAZtlh5XI3.0;server=akswtt108000008;cloudType=Consumer;environment=Prod_centralus_prod-s01-068-nam-centralus;migrationStage=NotStarted Some updates remain.}
{"logTime": "1201/005542", "correlationVector":"Q7AC9++Hh7UgWNpE5MXmDw","action":"Initial GetUpdates", "result":"", "context":Reason: NEWLY_SUPPORTED_DATATYPE. cV=Q7AC9++Hh7UgWNpE5MXmDw}
{"logTime": "1201/005543", "correlationVector":"Q7AC9++Hh7UgWNpE5MXmDw.1","action":"SyncServerConnectionManagerRequest", "result":"SYNC_SERVER_OK", "context":{"environment":"Prod_centralus_prod-s01-068-nam-centralus", "migrationStage":"NotStarted", "server":"akswtt10800000x"}}
{"logTime": "1201/005543", "correlationVector":"Q7AC9++Hh7UgWNpE5MXmDw.2","action":"ProcessGetUpdates", "result":"Done", "context":{"dataType":"History", "deleted":"0", "process_failed_to_decrypt":"0", "process_pending_decryption":"0", "process_success":"250", "total":"250"}}
{"logTime": "1201/005543", "correlationVector":"Q7AC9++Hh7UgWNpE5MXmDw.3","action":"GetUpdates Response", "result":"Success", "context":Received 250 update(s). cV=Q7AC9++Hh7UgWNpE5MXmDw.0;server=akswtt10800000x;cloudType=Consumer;environment=Prod_centralus_prod-s01-068-nam-centralus;migrationStage=NotStarted Some updates remain.}
{"logTime": "1201/005543", "correlationVector":"sDJ7G2Lizgxff0vs26dLXQ","action":"Initial GetUpdates", "result":"", "context":Reason: NEWLY_SUPPORTED_DATATYPE. cV=sDJ7G2Lizgxff0vs26dLXQ}
{"logTime": "1201/005543", "correlationVector":"sDJ7G2Lizgxff0vs26dLXQ.1","action":"SyncServerConnectionManagerRequest", "result":"SYNC_SERVER_OK", "context":{"environment":"Prod_centralus_prod-s01-068-nam-centralus", "migrationStage":"NotStarted", "server":"akswtt108000012"}}
{"logTime": "1201/005543", "correlationVector":"sDJ7G2Lizgxff0vs26dLXQ.2","action":"ProcessGetUpdates", "result":"Done", "context":{"dataType":"History", "deleted":"0", "process_failed_to_decrypt":"0", "process_pending_decryption":"0", "process_success":"250", "total":"250"}}
{"logTime": "1201/005543", "correlationVector":"sDJ7G2Lizgxff0vs26dLXQ.3","action":"GetUpdates Response", "result":"Success", "context":Received 250 update(s). cV=sDJ7G2Lizgxff0vs26dLXQ.0;server=akswtt108000012;cloudType=Consumer;environment=Prod_centralus_prod-s01-068-nam-centralus;migrationStage=NotStarted Some updates remain.}
{"logTime": "1201/005543", "correlationVector":"OQxX4yatX6oD4bfGXbXw6L","action":"Initial GetUpdates", "result":"", "context":Reason: NEWLY_SUPPORTED_DATATYPE. cV=OQxX4yatX6oD4bfGXbXw6L}
{"logTime": "1201/005544", "correlationVector":"OQxX4yatX6oD4bfGXbXw6L.1","action":"SyncServerConnectionManagerRequest", "result":"SYNC_SERVER_OK", "context":{"environment":"Prod_centralus_prod-s01-068-nam-centralus", "migrationStage":"NotStarted", "server":"akswtt10800000q"}}
{"logTime": "1201/005544", "correlationVector":"OQxX4yatX6oD4bfGXbXw6L.2","action":"ProcessGetUpdates", "result":"Done", "context":{"dataType":"History", "deleted":"0", "process_failed_to_decrypt":"0", "process_pending_decryption":"0", "process_success":"250", "total":"250"}}
{"logTime": "1201/005544", "correlationVector":"OQxX4yatX6oD4bfGXbXw6L.3","action":"GetUpdates Response", "result":"Success", "context":Received 250 update(s). cV=OQxX4yatX6oD4bfGXbXw6L.0;server=akswtt10800000q;cloudType=Consumer;environment=Prod_centralus_prod-s01-068-nam-centralus;migrationStage=NotStarted Some updates remain.}
{"logTime": "1201/005544", "correlationVector":"kVInM0fcDH1kONWY2c54Y4","action":"Initial GetUpdates", "result":"", "context":Reason: NEWLY_SUPPORTED_DATATYPE. cV=kVInM0fcDH1kONWY2c54Y4}
{"logTime": "1201/005544", "correlationVector":"kVInM0fcDH1kONWY2c54Y4.1","action":"SyncServerConnectionManagerRequest", "result":"SYNC_SERVER_OK", "context":{"environment":"Prod_centralus_prod-s01-068-nam-centralus", "migrationStage":"NotStarted", "server":"akswtt10800001a"}}
{"logTime": "1201/005544", "correlationVector":"kVInM0fcDH1kONWY2c54Y4.2","action":"ProcessGetUpdates", "result":"Done", "context":{"dataType":"History", "deleted":"0", "process_failed_to_decrypt":"0", "process_pending_decryption":"0", "process_success":"250", "total":"250"}}
{"logTime": "1201/005544", "correlationVector":"kVInM0fcDH1kONWY2c54Y4.3","action":"GetUpdates Response", "result":"Success", "context":Received 250 update(s). cV=kVInM0fcDH1kONWY2c54Y4.0;server=akswtt10800001a;cloudType=Consumer;environment=Prod_centralus_prod-s01-068-nam-centralus;migrationStage=NotStarted Some updates remain.}
{"logTime": "1201/005544", "correlationVector":"RRUsprQc+StWadXbzpjq/k","action":"Initial GetUpdates", "result":"", "context":Reason: NEWLY_SUPPORTED_DATATYPE. cV=RRUsprQc+StWadXbzpjq/k}
{"logTime": "1201/005545", "correlationVector":"RRUsprQc+StWadXbzpjq/k.1","action":"SyncServerConnectionManagerRequest", "result":"SYNC_SERVER_OK", "context":{"environment":"Prod_centralus_prod-s01-068-nam-centralus", "migrationStage":"NotStarted", "server":"akswtt108000012"}}
{"logTime": "1201/005545", "correlationVector":"RRUsprQc+StWadXbzpjq/k.2","action":"ProcessGetUpdates", "result":"Done", "context":{"dataType":"History", "deleted":"0", "process_failed_to_decrypt":"0", "process_pending_decryption":"0", "process_success":"250", "total":"250"}}
{"logTime": "1201/005545", "correlationVector":"RRUsprQc+StWadXbzpjq/k.3","action":"GetUpdates Response", "result":"Success", "context":Received 250 update(s). cV=RRUsprQc+StWadXbzpjq/k.0;server=akswtt108000012;cloudType=Consumer;environment=Prod_centralus_prod-s01-068-nam-centralus;migrationStage=NotStarted Some updates remain.}
{"logTime": "1201/005545", "correlationVector":"uoFIwS54BY2fpJNIsvhlQZ","action":"Initial GetUpdates", "result":"", "context":Reason: NEWLY_SUPPORTED_DATATYPE. cV=uoFIwS54BY2fpJNIsvhlQZ}
{"logTime": "1201/005545", "correlationVector":"uoFIwS54BY2fpJNIsvhlQZ.1","action":"SyncServerConnectionManagerRequest", "result":"SYNC_SERVER_OK", "context":{"environment":"Prod_centralus_prod-s01-068-nam-centralus", "migrationStage":"NotStarted", "server":"akswtt10800001k"}}
{"logTime": "1201/005545", "correlationVector":"uoFIwS54BY2fpJNIsvhlQZ.2","action":"ProcessGetUpdates", "result":"Done", "context":{"dataType":"History", "deleted":"0", "process_failed_to_decrypt":"0", "process_pending_decryption":"0", "process_success":"250", "total":"250"}}
{"logTime": "1201/005545", "correlationVector":"uoFIwS54BY2fpJNIsvhlQZ.3","action":"GetUpdates Response", "result":"Success", "context":Received 250 update(s). cV=uoFIwS54BY2fpJNIsvhlQZ.0;server=akswtt10800001k;cloudType=Consumer;environment=Prod_centralus_prod-s01-068-nam-centralus;migrationStage=NotStarted Some updates remain.}
{"logTime": "1201/005545", "correlationVector":"5T1eR1civ0wK/50KTVbFaP","action":"Initial GetUpdates", "result":"", "context":Reason: NEWLY_SUPPORTED_DATATYPE. cV=5T1eR1civ0wK/50KTVbFaP}
{"logTime": "1201/005546", "correlationVector":"5T1eR1civ0wK/50KTVbFaP.1","action":"SyncServerConnectionManagerRequest", "result":"SYNC_SERVER_OK", "context":{"environment":"Prod_centralus_prod-s01-068-nam-centralus", "migrationStage":"NotStarted", "server":"akswtt108000016"}}
{"logTime": "1201/005546", "correlationVector":"5T1eR1civ0wK/50KTVbFaP.2","action":"ProcessGetUpdates", "result":"Done", "context":{"dataType":"History", "deleted":"0", "process_failed_to_decrypt":"0", "process_pending_decryption":"0", "process_success":"250", "total":"250"}}
{"logTime": "1201/005546", "correlationVector":"5T1eR1civ0wK/50KTVbFaP.3","action":"GetUpdates Response", "result":"Success", "context":Received 250 update(s). cV=5T1eR1civ0wK/50KTVbFaP.0;server=akswtt108000016;cloudType=Consumer;environment=Prod_centralus_prod-s01-068-nam-centralus;migrationStage=NotStarted Some updates remain.}
{"logTime": "1201/005546", "correlationVector":"SiB//SuMlNPJ+hMTegi27z","action":"Initial GetUpdates", "result":"", "context":Reason: NEWLY_SUPPORTED_DATATYPE. cV=SiB//SuMlNPJ+hMTegi27z}
{"logTime": "1201/005546", "correlationVector":"SiB//SuMlNPJ+hMTegi27z.1","action":"SyncServerConnectionManagerRequest", "result":"SYNC_SERVER_OK", "context":{"environment":"Prod_centralus_prod-s01-068-nam-centralus", "migrationStage":"NotStarted", "server":"akswtt10800001a"}}
{"logTime": "1201/005546", "correlationVector":"SiB//SuMlNPJ+hMTegi27z.2","action":"ProcessGetUpdates", "result":"Done", "context":{"dataType":"History", "deleted":"0", "process_failed_to_decrypt":"0", "process_pending_decryption":"0", "process_success":"250", "total":"250"}}
{"logTime": "1201/005546", "correlationVector":"SiB//SuMlNPJ+hMTegi27z.3","action":"GetUpdates Response", "result":"Success", "context":Received 250 update(s). cV=SiB//SuMlNPJ+hMTegi27z.0;server=akswtt10800001a;cloudType=Consumer;environment=Prod_centralus_prod-s01-068-nam-centralus;migrationStage=NotStarted Some updates remain.}
{"logTime": "1201/005546", "correlationVector":"FZgiWtuIcMNEt+gSPQu1g6","action":"Initial GetUpdates", "result":"", "context":Reason: NEWLY_SUPPORTED_DATATYPE. cV=FZgiWtuIcMNEt+gSPQu1g6}
{"logTime": "1201/005547", "correlationVector":"FZgiWtuIcMNEt+gSPQu1g6.1","action":"SyncServerConnectionManagerRequest", "result":"SYNC_SERVER_OK", "context":{"environment":"Prod_centralus_prod-s01-068-nam-centralus", "migrationStage":"NotStarted", "server":"akswtt108000012"}}
{"logTime": "1201/005547", "correlationVector":"FZgiWtuIcMNEt+gSPQu1g6.2","action":"ProcessGetUpdates", "result":"Done", "context":{"dataType":"History", "deleted":"0", "process_failed_to_decrypt":"0", "process_pending_decryption":"0", "process_success":"250", "total":"250"}}
{"logTime": "1201/005547", "correlationVector":"FZgiWtuIcMNEt+gSPQu1g6.3","action":"GetUpdates Response", "result":"Success", "context":Received 250 update(s). cV=FZgiWtuIcMNEt+gSPQu1g6.0;server=akswtt108000012;cloudType=Consumer;environment=Prod_centralus_prod-s01-068-nam-centralus;migrationStage=NotStarted Some updates remain.}
{"logTime": "1201/005547", "correlationVector":"qS82LXfg9hPaGL0K2dafLd","action":"Initial GetUpdates", "result":"", "context":Reason: NEWLY_SUPPORTED_DATATYPE. cV=qS82LXfg9hPaGL0K2dafLd}
{"logTime": "1201/005547", "correlationVector":"qS82LXfg9hPaGL0K2dafLd.1","action":"SyncServerConnectionManagerRequest", "result":"SYNC_SERVER_OK", "context":{"environment":"Prod_centralus_prod-s01-068-nam-centralus", "migrationStage":"NotStarted", "server":"akswtt10800001a"}}
{"logTime": "1201/005547", "correlationVector":"qS82LXfg9hPaGL0K2dafLd.2","action":"ProcessGetUpdates", "result":"Done", "context":{"dataType":"History", "deleted":"0", "process_failed_to_decrypt":"0", "process_pending_decryption":"0", "process_success":"250", "total":"250"}}
{"logTime": "1201/005547", "correlationVector":"qS82LXfg9hPaGL0K2dafLd.3","action":"GetUpdates Response", "result":"Success", "context":Received 250 update(s). cV=qS82LXfg9hPaGL0K2dafLd.0;server=akswtt10800001a;cloudType=Consumer;environment=Prod_centralus_prod-s01-068-nam-centralus;migrationStage=NotStarted Some updates remain.}
{"logTime": "1201/005547", "correlationVector":"Ei3rU9ltXo63nCcM+hYkw/","action":"Initial GetUpdates", "result":"", "context":Reason: NEWLY_SUPPORTED_DATATYPE. cV=Ei3rU9ltXo63nCcM+hYkw/}
{"logTime": "1201/005548", "correlationVector":"Ei3rU9ltXo63nCcM+hYkw/.1","action":"SyncServerConnectionManagerRequest", "result":"SYNC_SERVER_OK", "context":{"environment":"Prod_centralus_prod-s01-068-nam-centralus", "migrationStage":"NotStarted", "server":"akswtt108000015"}}
{"logTime": "1201/005548", "correlationVector":"Ei3rU9ltXo63nCcM+hYkw/.2","action":"ProcessGetUpdates", "result":"Done", "context":{"dataType":"History", "deleted":"0", "process_failed_to_decrypt":"0", "process_pending_decryption":"0", "process_success":"250", "total":"250"}}
{"logTime": "1201/005548", "correlationVector":"Ei3rU9ltXo63nCcM+hYkw/.3","action":"GetUpdates Response", "result":"Success", "context":Received 250 update(s). cV=Ei3rU9ltXo63nCcM+hYkw/.0;server=akswtt108000015;cloudType=Consumer;environment=Prod_centralus_prod-s01-068-nam-centralus;migrationStage=NotStarted Some updates remain.}
{"logTime": "1201/005548", "correlationVector":"anvvib+g9zPSs+S47DFOhf","action":"Initial GetUpdates", "result":"", "context":Reason: NEWLY_SUPPORTED_DATATYPE. cV=anvvib+g9zPSs+S47DFOhf}
{"logTime": "1201/005548", "correlationVector":"anvvib+g9zPSs+S47DFOhf.1","action":"SyncServerConnectionManagerRequest", "result":"SYNC_SERVER_OK", "context":{"environment":"Prod_centralus_prod-s01-068-nam-centralus", "migrationStage":"NotStarted", "server":"akswtt10800001o"}}
{"logTime": "1201/005548", "correlationVector":"anvvib+g9zPSs+S47DFOhf.2","action":"ProcessGetUpdates", "result":"Done", "context":{"dataType":"History", "deleted":"0", "process_failed_to_decrypt":"0", "process_pending_decryption":"0", "process_success":"250", "total":"250"}}
{"logTime": "1201/005548", "correlationVector":"anvvib+g9zPSs+S47DFOhf.3","action":"GetUpdates Response", "result":"Success", "context":Received 250 update(s). cV=anvvib+g9zPSs+S47DFOhf.0;server=akswtt10800001o;cloudType=Consumer;environment=Prod_centralus_prod-s01-068-nam-centralus;migrationStage=NotStarted Some updates remain.}
{"logTime": "1201/005548", "correlationVector":"zGh9aCIqD08CJ78ymYLOPc","action":"Initial GetUpdates", "result":"", "context":Reason: NEWLY_SUPPORTED_DATATYPE. cV=zGh9aCIqD08CJ78ymYLOPc}
{"logTime": "1201/005549", "correlationVector":"zGh9aCIqD08CJ78ymYLOPc.1","action":"SyncServerConnectionManagerRequest", "result":"SYNC_SERVER_OK", "context":{"environment":"Prod_centralus_prod-s01-068-nam-centralus", "migrationStage":"NotStarted", "server":"akswtt10800001k"}}
{"logTime": "1201/005549", "correlationVector":"zGh9aCIqD08CJ78ymYLOPc.2","action":"ProcessGetUpdates", "result":"Done", "context":{"dataType":"History", "deleted":"0", "process_failed_to_decrypt":"0", "process_pending_decryption":"0", "process_success":"250", "total":"250"}}
{"logTime": "1201/005549", "correlationVector":"zGh9aCIqD08CJ78ymYLOPc.3","action":"GetUpdates Response", "result":"Success", "context":Received 250 update(s). cV=zGh9aCIqD08CJ78ymYLOPc.0;server=akswtt10800001k;cloudType=Consumer;environment=Prod_centralus_prod-s01-068-nam-centralus;migrationStage=NotStarted Some updates remain.}
{"logTime": "1201/005549", "correlationVector":"Gmhki5e1B4zyF2ZYfKKlYP","action":"Initial GetUpdates", "result":"", "context":Reason: NEWLY_SUPPORTED_DATATYPE. cV=Gmhki5e1B4zyF2ZYfKKlYP}
{"logTime": "1201/005549", "correlationVector":"Gmhki5e1B4zyF2ZYfKKlYP.1","action":"SyncServerConnectionManagerRequest", "result":"SYNC_SERVER_OK", "context":{"environment":"Prod_centralus_prod-s01-068-nam-centralus", "migrationStage":"NotStarted", "server":"akswtt10800001a"}}
{"logTime": "1201/005549", "correlationVector":"Gmhki5e1B4zyF2ZYfKKlYP.2","action":"ProcessGetUpdates", "result":"Done", "context":{"dataType":"History", "deleted":"0", "process_failed_to_decrypt":"0", "process_pending_decryption":"0", "process_success":"250", "total":"250"}}
{"logTime": "1201/005549", "correlationVector":"Gmhki5e1B4zyF2ZYfKKlYP.3","action":"GetUpdates Response", "result":"Success", "context":Received 250 update(s). cV=Gmhki5e1B4zyF2ZYfKKlYP.0;server=akswtt10800001a;cloudType=Consumer;environment=Prod_centralus_prod-s01-068-nam-centralus;migrationStage=NotStarted Some updates remain.}
{"logTime": "1201/005549", "correlationVector":"LBfjORRr0NuGY6kUjKGXMf","action":"Initial GetUpdates", "result":"", "context":Reason: NEWLY_SUPPORTED_DATATYPE. cV=LBfjORRr0NuGY6kUjKGXMf}
{"logTime": "1201/005550", "correlationVector":"LBfjORRr0NuGY6kUjKGXMf.1","action":"SyncServerConnectionManagerRequest", "result":"SYNC_SERVER_OK", "context":{"environment":"Prod_centralus_prod-s01-068-nam-centralus", "migrationStage":"NotStarted", "server":"akswtt10800001k"}}
{"logTime": "1201/005550", "correlationVector":"LBfjORRr0NuGY6kUjKGXMf.2","action":"ProcessGetUpdates", "result":"Done", "context":{"dataType":"History", "deleted":"0", "process_failed_to_decrypt":"0", "process_pending_decryption":"0", "process_success":"250", "total":"250"}}
{"logTime": "1201/005550", "correlationVector":"LBfjORRr0NuGY6kUjKGXMf.3","action":"GetUpdates Response", "result":"Success", "context":Received 250 update(s). cV=LBfjORRr0NuGY6kUjKGXMf.0;server=akswtt10800001k;cloudType=Consumer;environment=Prod_centralus_prod-s01-068-nam-centralus;migrationStage=NotStarted Some updates remain.}
{"logTime": "1201/005550", "correlationVector":"69QfgajoYrpFvdXHP1iND6","action":"Initial GetUpdates", "result":"", "context":Reason: NEWLY_SUPPORTED_DATATYPE. cV=69QfgajoYrpFvdXHP1iND6}
{"logTime": "1201/005551", "correlationVector":"69QfgajoYrpFvdXHP1iND6.1","action":"SyncServerConnectionManagerRequest", "result":"SYNC_SERVER_OK", "context":{"environment":"Prod_centralus_prod-s01-068-nam-centralus", "migrationStage":"NotStarted", "server":"akswtt108000008"}}
{"logTime": "1201/005551", "correlationVector":"69QfgajoYrpFvdXHP1iND6.2","action":"ProcessGetUpdates", "result":"Done", "context":{"dataType":"History", "deleted":"0", "process_failed_to_decrypt":"0", "process_pending_decryption":"0", "process_success":"250", "total":"250"}}
{"logTime": "1201/005551", "correlationVector":"69QfgajoYrpFvdXHP1iND6.3","action":"GetUpdates Response", "result":"Success", "context":Received 250 update(s). cV=69QfgajoYrpFvdXHP1iND6.0;server=akswtt108000008;cloudType=Consumer;environment=Prod_centralus_prod-s01-068-nam-centralus;migrationStage=NotStarted Some updates remain.}
{"logTime": "1201/005551", "correlationVector":"F4DT0DoKDzIu+3I7MhxQ9B","action":"Initial GetUpdates", "result":"", "context":Reason: NEWLY_SUPPORTED_DATATYPE. cV=F4DT0DoKDzIu+3I7MhxQ9B}
{"logTime": "1201/005551", "correlationVector":"F4DT0DoKDzIu+3I7MhxQ9B.1","action":"SyncServerConnectionManagerRequest", "result":"SYNC_SERVER_OK", "context":{"environment":"Prod_centralus_prod-s01-068-nam-centralus", "migrationStage":"NotStarted", "server":"akswtt10800001a"}}
{"logTime": "1201/005551", "correlationVector":"F4DT0DoKDzIu+3I7MhxQ9B.2","action":"ProcessGetUpdates", "result":"Done", "context":{"dataType":"History", "deleted":"0", "process_failed_to_decrypt":"0", "process_pending_decryption":"0", "process_success":"250", "total":"250"}}
{"logTime": "1201/005551", "correlationVector":"F4DT0DoKDzIu+3I7MhxQ9B.3","action":"GetUpdates Response", "result":"Success", "context":Received 250 update(s). cV=F4DT0DoKDzIu+3I7MhxQ9B.0;server=akswtt10800001a;cloudType=Consumer;environment=Prod_centralus_prod-s01-068-nam-centralus;migrationStage=NotStarted Some updates remain.}
{"logTime": "1201/005551", "correlationVector":"VTxMKkkwMv3LsQJ+S5A45T","action":"Initial GetUpdates", "result":"", "context":Reason: NEWLY_SUPPORTED_DATATYPE. cV=VTxMKkkwMv3LsQJ+S5A45T}
{"logTime": "1201/005552", "correlationVector":"VTxMKkkwMv3LsQJ+S5A45T.1","action":"SyncServerConnectionManagerRequest", "result":"SYNC_SERVER_OK", "context":{"environment":"Prod_centralus_prod-s01-068-nam-centralus", "migrationStage":"NotStarted", "server":"akswtt108000012"}}
{"logTime": "1201/005552", "correlationVector":"VTxMKkkwMv3LsQJ+S5A45T.2","action":"ProcessGetUpdates", "result":"Done", "context":{"dataType":"History", "deleted":"0", "process_failed_to_decrypt":"0", "process_pending_decryption":"0", "process_success":"250", "total":"250"}}
{"logTime": "1201/005552", "correlationVector":"VTxMKkkwMv3LsQJ+S5A45T.3","action":"GetUpdates Response", "result":"Success", "context":Received 250 update(s). cV=VTxMKkkwMv3LsQJ+S5A45T.0;server=akswtt108000012;cloudType=Consumer;environment=Prod_centralus_prod-s01-068-nam-centralus;migrationStage=NotStarted Some updates remain.}
{"logTime": "1201/005552", "correlationVector":"9+yWolk90+vjfBZvWsV/54","action":"Initial GetUpdates", "result":"", "context":Reason: NEWLY_SUPPORTED_DATATYPE. cV=9+yWolk90+vjfBZvWsV/54}
{"logTime": "1201/005552", "correlationVector":"9+yWolk90+vjfBZvWsV/54.1","action":"SyncServerConnectionManagerRequest", "result":"SYNC_SERVER_OK", "context":{"environment":"Prod_centralus_prod-s01-068-nam-centralus", "migrationStage":"NotStarted", "server":"akswtt10800001o"}}
{"logTime": "1201/005552", "correlationVector":"9+yWolk90+vjfBZvWsV/54.2","action":"ProcessGetUpdates", "result":"Done", "context":{"dataType":"History", "deleted":"0", "process_failed_to_decrypt":"0", "process_pending_decryption":"0", "process_success":"250", "total":"250"}}
{"logTime": "1201/005552", "correlationVector":"9+yWolk90+vjfBZvWsV/54.3","action":"GetUpdates Response", "result":"Success", "context":Received 250 update(s). cV=9+yWolk90+vjfBZvWsV/54.0;server=akswtt10800001o;cloudType=Consumer;environment=Prod_centralus_prod-s01-068-nam-centralus;migrationStage=NotStarted Some updates remain.}
{"logTime": "1201/005552", "correlationVector":"tnSrC0UwAPNUxCe108Re0k","action":"Initial GetUpdates", "result":"", "context":Reason: NEWLY_SUPPORTED_DATATYPE. cV=tnSrC0UwAPNUxCe108Re0k}
{"logTime": "1201/005552", "correlationVector":"tnSrC0UwAPNUxCe108Re0k.1","action":"SyncServerConnectionManagerRequest", "result":"SYNC_SERVER_OK", "context":{"environment":"Prod_centralus_prod-s01-068-nam-centralus", "migrationStage":"NotStarted", "server":"akswtt108000012"}}
{"logTime": "1201/005552", "correlationVector":"tnSrC0UwAPNUxCe108Re0k.2","action":"ProcessGetUpdates", "result":"Done", "context":{"dataType":"History", "deleted":"0", "process_failed_to_decrypt":"0", "process_pending_decryption":"0", "process_success":"250", "total":"250"}}
{"logTime": "1201/005552", "correlationVector":"tnSrC0UwAPNUxCe108Re0k.3","action":"GetUpdates Response", "result":"Success", "context":Received 250 update(s). cV=tnSrC0UwAPNUxCe108Re0k.0;server=akswtt108000012;cloudType=Consumer;environment=Prod_centralus_prod-s01-068-nam-centralus;migrationStage=NotStarted Some updates remain.}
{"logTime": "1201/005552", "correlationVector":"Pd+i9ZDx5aV0615WIvC0X4","action":"Initial GetUpdates", "result":"", "context":Reason: NEWLY_SUPPORTED_DATATYPE. cV=Pd+i9ZDx5aV0615WIvC0X4}
{"logTime": "1201/005553", "correlationVector":"Pd+i9ZDx5aV0615WIvC0X4.1","action":"SyncServerConnectionManagerRequest", "result":"SYNC_SERVER_OK", "context":{"environment":"Prod_centralus_prod-s01-068-nam-centralus", "migrationStage":"NotStarted", "server":"akswtt10800000x"}}
{"logTime": "1201/005553", "correlationVector":"Pd+i9ZDx5aV0615WIvC0X4.2","action":"ProcessGetUpdates", "result":"Done", "context":{"dataType":"History", "deleted":"0", "process_failed_to_decrypt":"0", "process_pending_decryption":"0", "process_success":"250", "total":"250"}}
{"logTime": "1201/005553", "correlationVector":"Pd+i9ZDx5aV0615WIvC0X4.3","action":"GetUpdates Response", "result":"Success", "context":Received 250 update(s). cV=Pd+i9ZDx5aV0615WIvC0X4.0;server=akswtt10800000x;cloudType=Consumer;environment=Prod_centralus_prod-s01-068-nam-centralus;migrationStage=NotStarted Some updates remain.}
{"logTime": "1201/005553", "correlationVector":"efHRxwxufGiZneE276t/F3","action":"Initial GetUpdates", "result":"", "context":Reason: NEWLY_SUPPORTED_DATATYPE. cV=efHRxwxufGiZneE276t/F3}
{"logTime": "1201/005553", "correlationVector":"efHRxwxufGiZneE276t/F3.1","action":"SyncServerConnectionManagerRequest", "result":"SYNC_SERVER_OK", "context":{"environment":"Prod_centralus_prod-s01-068-nam-centralus", "migrationStage":"NotStarted", "server":"akswtt10800000d"}}
{"logTime": "1201/005553", "correlationVector":"efHRxwxufGiZneE276t/F3.2","action":"ProcessGetUpdates", "result":"Done", "context":{"dataType":"History", "deleted":"0", "process_failed_to_decrypt":"0", "process_pending_decryption":"0", "process_success":"250", "total":"250"}}
{"logTime": "1201/005553", "correlationVector":"efHRxwxufGiZneE276t/F3.3","action":"GetUpdates Response", "result":"Success", "context":Received 250 update(s). cV=efHRxwxufGiZneE276t/F3.0;server=akswtt10800000d;cloudType=Consumer;environment=Prod_centralus_prod-s01-068-nam-centralus;migrationStage=NotStarted Some updates remain.}
{"logTime": "1201/005553", "correlationVector":"hxnnvfFgkzr3l09FE+8uv7","action":"Initial GetUpdates", "result":"", "context":Reason: NEWLY_SUPPORTED_DATATYPE. cV=hxnnvfFgkzr3l09FE+8uv7}
{"logTime": "1201/005554", "correlationVector":"hxnnvfFgkzr3l09FE+8uv7.1","action":"SyncServerConnectionManagerRequest", "result":"SYNC_SERVER_OK", "context":{"environment":"Prod_centralus_prod-s01-068-nam-centralus", "migrationStage":"NotStarted", "server":"akswtt108000008"}}
{"logTime": "1201/005554", "correlationVector":"hxnnvfFgkzr3l09FE+8uv7.2","action":"ProcessGetUpdates", "result":"Done", "context":{"dataType":"History", "deleted":"0", "process_failed_to_decrypt":"0", "process_pending_decryption":"0", "process_success":"250", "total":"250"}}
{"logTime": "1201/005554", "correlationVector":"hxnnvfFgkzr3l09FE+8uv7.3","action":"GetUpdates Response", "result":"Success", "context":Received 250 update(s). cV=hxnnvfFgkzr3l09FE+8uv7.0;server=akswtt108000008;cloudType=Consumer;environment=Prod_centralus_prod-s01-068-nam-centralus;migrationStage=NotStarted Some updates remain.}
{"logTime": "1201/005554", "correlationVector":"rY6Yn9XO2eUkrCp3gIeECp","action":"Initial GetUpdates", "result":"", "context":Reason: NEWLY_SUPPORTED_DATATYPE. cV=rY6Yn9XO2eUkrCp3gIeECp}
{"logTime": "1201/005554", "correlationVector":"rY6Yn9XO2eUkrCp3gIeECp.1","action":"SyncServerConnectionManagerRequest", "result":"SYNC_SERVER_OK", "context":{"environment":"Prod_centralus_prod-s01-068-nam-centralus", "migrationStage":"NotStarted", "server":"akswtt108000012"}}
{"logTime": "1201/005554", "correlationVector":"rY6Yn9XO2eUkrCp3gIeECp.2","action":"ProcessGetUpdates", "result":"Done", "context":{"dataType":"History", "deleted":"0", "process_failed_to_decrypt":"0", "process_pending_decryption":"0", "process_success":"126", "total":"126"}}
{"logTime": "1201/005554", "correlationVector":"rY6Yn9XO2eUkrCp3gIeECp.3","action":"GetUpdates Response", "result":"Success", "context":Received 126 update(s). cV=rY6Yn9XO2eUkrCp3gIeECp.0;server=akswtt108000012;cloudType=Consumer;environment=Prod_centralus_prod-s01-068-nam-centralus;migrationStage=NotStarted}
{"logTime": "1201/005554", "correlationVector":"lnb8sqphDbAMG1b6jcfmiA","action":"Normal GetUpdate request", "result":"", "context":cV=lnb8sqphDbAMG1b6jcfmiA
Nudged types: Passwords, History
Refresh requested types: Bookmarks, Passwords, Autofill Profiles, Autofill, History, Edge Wallet, Encryption Keys}
{"logTime": "1201/005554", "correlationVector":"lnb8sqphDbAMG1b6jcfmiA.1","action":"SyncServerConnectionManagerRequest", "result":"SYNC_SERVER_OK", "context":{"environment":"Prod_centralus_prod-s01-068-nam-centralus", "migrationStage":"NotStarted", "server":"akswtt10800001r"}}
{"logTime": "1201/005554", "correlationVector":"lnb8sqphDbAMG1b6jcfmiA.2","action":"GetUpdates Response", "result":"Success", "context":Received 0 update(s). cV=lnb8sqphDbAMG1b6jcfmiA.0;server=akswtt10800001r;cloudType=Consumer;environment=Prod_centralus_prod-s01-068-nam-centralus;migrationStage=NotStarted}
{"logTime": "1201/005554", "correlationVector":"payp5zeuY5IQwgYiv2ahm6","action":"Commit Request", "result":"", "context":Item count: 3
Contributing types: Passwords, History}
{"logTime": "1201/005555", "correlationVector":"payp5zeuY5IQwgYiv2ahm6.1","action":"SyncServerConnectionManagerRequest", "result":"SYNC_SERVER_OK", "context":{"environment":"Prod_centralus_prod-s01-068-nam-centralus", "migrationStage":"NotStarted", "server":"akswtt10800001o"}}
{"logTime": "1201/005555", "correlationVector":"payp5zeuY5IQwgYiv2ahm6.2","action":"Commit Response", "result":"Success", "context":Result: Success. cV=payp5zeuY5IQwgYiv2ahm6.0;server=akswtt10800001o;cloudType=Consumer;environment=Prod_centralus_prod-s01-068-nam-centralus;migrationStage=NotStarted}
{"logTime": "1201/005707", "correlationVector":"Rex4OgYHu3zyLsDs0C5z+7","action":"Commit Request", "result":"", "context":Item count: 1
Contributing types: History}
{"logTime": "1201/005708", "correlationVector":"Rex4OgYHu3zyLsDs0C5z+7.1","action":"SyncServerConnectionManagerRequest", "result":"SYNC_SERVER_OK", "context":{"environment":"Prod_centralus_prod-s01-068-nam-centralus", "migrationStage":"NotStarted", "server":"akswtt10800001e"}}
{"logTime": "1201/005708", "correlationVector":"Rex4OgYHu3zyLsDs0C5z+7.2","action":"Commit Response", "result":"Success", "context":Result: Success. cV=Rex4OgYHu3zyLsDs0C5z+7.0;server=akswtt10800001e;cloudType=Consumer;environment=Prod_centralus_prod-s01-068-nam-centralus;migrationStage=NotStarted}
