2025-12-01 00:55:35.182: [INFO] VisibilityChanged: 0
2025-12-01 00:55:35.255: [INFO] RecordSyncInitDuration has_sync_been_enabled: 0 state: 0
2025-12-01 00:55:35.256: [INFO] RecordSyncInitDuration has_sync_been_enabled: 0 state: 0
2025-12-01 00:55:35.257: [INFO] RecordSyncInitDuration has_sync_been_enabled: 0 state: 0
2025-12-01 00:55:35.258: [INFO] RecordSyncInitDuration has_sync_been_enabled: 0 state: 0
2025-12-01 00:55:35.259: [INFO] RecordSyncInitDuration has_sync_been_enabled: 0 state: 0
2025-12-01 00:55:35.261: [INFO] RecordSyncInitDuration has_sync_been_enabled: 0 state: 0
2025-12-01 00:55:35.262: [INFO] RecordSyncInitDuration has_sync_been_enabled: 0 state: 0
2025-12-01 00:55:35.263: [INFO] RecordSyncInitDuration has_sync_been_enabled: 0 state: 0
2025-12-01 00:55:35.265: [INFO] RecordSyncInitDuration has_sync_been_enabled: 0 state: 0
2025-12-01 00:55:35.266: [INFO] RecordSyncInitDuration has_sync_been_enabled: 0 state: 0
2025-12-01 00:55:35.267: [INFO] RecordSyncInitDuration has_sync_been_enabled: 0 state: 0
2025-12-01 00:55:35.283: [INFO] BookmarkNodeAdded, ABU: 0
2025-12-01 00:55:35.284: [INFO] BookmarkNodeAdded, ABU: 0
2025-12-01 00:55:35.284: [INFO] BookmarkNodeAdded, ABU: 0
2025-12-01 00:55:35.284: [INFO] BookmarkModelLoaded, ids_reassigned: 0
2025-12-01 00:55:35.284: [INFO] OnDoneLoading sync enabled: 0
2025-12-01 00:55:35.341: [INFO] RecordSyncInitDuration has_sync_been_enabled: 0 state: 0
2025-12-01 00:55:35.462: [INFO] RecordSyncInitDuration has_sync_been_enabled: 0 state: 3
2025-12-01 00:55:35.464: [INFO] Primary account changed.
2025-12-01 00:55:35.464: [INFO] OnPrimaryAccountChanged PrimaryAccountChangeEvent::Type::kSet
2025-12-01 00:55:35.467: [INFO] RecordSyncInitDuration has_sync_been_enabled: 0 state: 3
2025-12-01 00:55:35.689: [INFO] RecordSyncInitDuration has_sync_been_enabled: 0 state: 3
2025-12-01 00:55:38.340: [INFO] BookmarkNodeAdded, ABU: 0
2025-12-01 00:55:38.340: [INFO] BookmarkNodeAdded, ABU: 0
2025-12-01 00:55:38.340: [INFO] BookmarkNodeAdded, ABU: 0
2025-12-01 00:55:38.340: [INFO] BookmarkNodeAdded, ABU: 0
2025-12-01 00:55:38.341: [INFO] BookmarkNodeAdded, ABU: 0
2025-12-01 00:55:38.341: [INFO] BookmarkNodeAdded, ABU: 0
2025-12-01 00:55:38.341: [INFO] BookmarkNodeAdded, ABU: 0
2025-12-01 00:55:38.341: [INFO] BookmarkNodeAdded, ABU: 0
2025-12-01 00:55:38.341: [INFO] BookmarkNodeAdded, ABU: 0
2025-12-01 00:55:38.341: [INFO] BookmarkNodeAdded, ABU: 0
2025-12-01 00:55:38.341: [INFO] BookmarkNodeAdded, ABU: 0
2025-12-01 00:55:38.342: [INFO] BookmarkNodeAdded, ABU: 0
2025-12-01 00:55:38.342: [INFO] BookmarkNodeAdded, ABU: 0
2025-12-01 00:55:38.342: [INFO] BookmarkNodeAdded, ABU: 0
2025-12-01 00:55:38.342: [INFO] BookmarkNodeAdded, ABU: 0
2025-12-01 00:55:41.927: [INFO] Sync initialization duration: 5978ms
